<?xml version="1.0" encoding="UTF-8"?>
<testng-results skipped="0" failed="0" ignored="0" total="1" passed="1">
  <reporter-output>
  </reporter-output>
  <suite name="Suite" duration-ms="4058" started-at="2018-12-04T09:07:56Z" finished-at="2018-12-04T09:08:00Z">
    <groups>
    </groups>
    <test name="Test" duration-ms="4058" started-at="2018-12-04T09:07:56Z" finished-at="2018-12-04T09:08:00Z">
      <class name="Practice.Example">
        <test-method status="PASS" signature="m()[pri:0, instance:Practice.Example@2b80d80f]" name="m" is-config="true" duration-ms="3997" started-at="2018-12-04T14:37:56Z" finished-at="2018-12-04T14:38:00Z">
          <reporter-output>
          </reporter-output>
        </test-method> <!-- m -->
        <test-method status="PASS" signature="m1()[pri:0, instance:Practice.Example@2b80d80f]" name="m1" duration-ms="1" started-at="2018-12-04T14:38:00Z" finished-at="2018-12-04T14:38:00Z">
          <reporter-output>
          </reporter-output>
        </test-method> <!-- m1 -->
        <test-method status="PASS" signature="m2()[pri:0, instance:Practice.Example@2b80d80f]" name="m2" is-config="true" duration-ms="32" started-at="2018-12-04T14:38:00Z" finished-at="2018-12-04T14:38:00Z">
          <reporter-output>
          </reporter-output>
        </test-method> <!-- m2 -->
      </class> <!-- Practice.Example -->
    </test> <!-- Test -->
  </suite> <!-- Suite -->
</testng-results>
